# JRE version: OpenJDK Runtime Environment (8.0_265-b01) (build 1.8.0_265-8u265-b01-0ubuntu2~20.04-b01)
# Java VM: OpenJDK 64-Bit Server VM (25.265-b01 mixed mode linux-amd64 compressed oops)
Heap:
 PSYoungGen      total 68608K, used 11585K [0x00000000f5580000, 0x00000000f9d80000, 0x0000000100000000)
  eden space 63488K, 10% used [0x00000000f5580000,0x00000000f5bd8438,0x00000000f9380000)
  from space 5120K, 99% used [0x00000000f9880000,0x00000000f9d78010,0x00000000f9d80000)
  to   space 5120K, 0% used [0x00000000f9380000,0x00000000f9380000,0x00000000f9880000)
 ParOldGen       total 84992K, used 3481K [0x00000000e0000000, 0x00000000e5300000, 0x00000000f5580000)
  object space 84992K, 4% used [0x00000000e0000000,0x00000000e03667e8,0x00000000e5300000)
 Metaspace       used 17722K, capacity 18128K, committed 18304K, reserved 1064960K
  class space    used 2041K, capacity 2159K, committed 2176K, reserved 1048576K
GC Heap History (4 events):
Event: 0,697 GC heap before
{Heap before GC invocations=1 (full 0):
 PSYoungGen      total 36864K, used 31744K [0x00000000f5580000, 0x00000000f7e80000, 0x0000000100000000)
  eden space 31744K, 100% used [0x00000000f5580000,0x00000000f7480000,0x00000000f7480000)
  from space 5120K, 0% used [0x00000000f7980000,0x00000000f7980000,0x00000000f7e80000)
  to   space 5120K, 0% used [0x00000000f7480000,0x00000000f7480000,0x00000000f7980000)
 ParOldGen       total 84992K, used 0K [0x00000000e0000000, 0x00000000e5300000, 0x00000000f5580000)
  object space 84992K, 0% used [0x00000000e0000000,0x00000000e0000000,0x00000000e5300000)
 Metaspace       used 10470K, capacity 10794K, committed 10880K, reserved 1058816K
  class space    used 1286K, capacity 1395K, committed 1408K, reserved 1048576K
Event: 0,705 GC heap after
Heap after GC invocations=1 (full 0):
 PSYoungGen      total 36864K, used 5088K [0x00000000f5580000, 0x00000000f9d80000, 0x0000000100000000)
  eden space 31744K, 0% used [0x00000000f5580000,0x00000000f5580000,0x00000000f7480000)
  from space 5120K, 99% used [0x00000000f7480000,0x00000000f79783b8,0x00000000f7980000)
  to   space 5120K, 0% used [0x00000000f9880000,0x00000000f9880000,0x00000000f9d80000)
 ParOldGen       total 84992K, used 443K [0x00000000e0000000, 0x00000000e5300000, 0x00000000f5580000)
  object space 84992K, 0% used [0x00000000e0000000,0x00000000e006ef18,0x00000000e5300000)
 Metaspace       used 10470K, capacity 10794K, committed 10880K, reserved 1058816K
  class space    used 1286K, capacity 1395K, committed 1408K, reserved 1048576K
}
Event: 1,196 GC heap before
{Heap before GC invocations=2 (full 0):
 PSYoungGen      total 36864K, used 36832K [0x00000000f5580000, 0x00000000f9d80000, 0x0000000100000000)
  eden space 31744K, 100% used [0x00000000f5580000,0x00000000f7480000,0x00000000f7480000)
  from space 5120K, 99% used [0x00000000f7480000,0x00000000f79783b8,0x00000000f7980000)
  to   space 5120K, 0% used [0x00000000f9880000,0x00000000f9880000,0x00000000f9d80000)
 ParOldGen       total 84992K, used 443K [0x00000000e0000000, 0x00000000e5300000, 0x00000000f5580000)
  object space 84992K, 0% used [0x00000000e0000000,0x00000000e006ef18,0x00000000e5300000)
 Metaspace       used 17507K, capacity 17870K, committed 18048K, reserved 1064960K
  class space    used 2009K, capacity 2118K, committed 2176K, reserved 1048576K
Event: 1,206 GC heap after
Heap after GC invocations=2 (full 0):
 PSYoungGen      total 68608K, used 5088K [0x00000000f5580000, 0x00000000f9d80000, 0x0000000100000000)
  eden space 63488K, 0% used [0x00000000f5580000,0x00000000f5580000,0x00000000f9380000)
  from space 5120K, 99% used [0x00000000f9880000,0x00000000f9d78010,0x00000000f9d80000)
  to   space 5120K, 0% used [0x00000000f9380000,0x00000000f9380000,0x00000000f9880000)
 ParOldGen       total 84992K, used 3481K [0x00000000e0000000, 0x00000000e5300000, 0x00000000f5580000)
  object space 84992K, 4% used [0x00000000e0000000,0x00000000e03667e8,0x00000000e5300000)
 Metaspace       used 17507K, capacity 17870K, committed 18048K, reserved 1064960K
  class space    used 2009K, capacity 2118K, committed 2176K, reserved 1048576K
}

